<?xml version="1.0" ?>
<testsuite errors="0" failures="0" name="AA-20201110152350" tests="1" time="0.000">
	<testcase classname="AA" name="test_001" time="0.000"/>
	<system-out>
<![CDATA[]]>	</system-out>
	<system-err>
<![CDATA[]]>	</system-err>
</testsuite>
